<?xml version="1.0" encoding="UTF-8"?>
<!-- Generated by org.testng.reporters.JUnitReportReporter -->
<testsuite skipped="0" hostname="DESKTOP-HCCC7LQ" name="com.TestCases.VerifySellerShopCreationCases" tests="1" failures="0" timestamp="24 May 2019 07:38:53 GMT" time="38.532" errors="0">
  <testcase name="verifySellerShopCreation" time="38.532" classname="com.TestCases.VerifySellerShopCreationCases"/>
</testsuite> <!-- com.TestCases.VerifySellerShopCreationCases -->
