<?xml version="1.0" encoding="UTF-8"?>
<!-- Generated by org.testng.reporters.JUnitReportReporter -->
<testsuite skipped="0" hostname="DESKTOP-HCCC7LQ" name="com.TestCases.DeleteAdminShippingCompanyUsers" tests="1" failures="0" timestamp="19 Jun 2019 07:08:45 GMT" time="17.961" errors="0">
  <testcase name="adminAddShippingCompanyUser" time="17.961" classname="com.TestCases.DeleteAdminShippingCompanyUsers"/>
</testsuite> <!-- com.TestCases.DeleteAdminShippingCompanyUsers -->
