<?xml version="1.0" encoding="UTF-8"?>
<!-- Generated by org.testng.reporters.JUnitReportReporter -->
<testsuite skipped="0" hostname="DESKTOP-HCCC7LQ" name="com.TestCases.VerifySellerInventoryVolumeDiscount" tests="1" failures="0" timestamp="17 Jun 2019 08:24:08 GMT" time="25.301" errors="0">
  <testcase name="verifySellerAddVoumeDiscount" time="25.301" classname="com.TestCases.VerifySellerInventoryVolumeDiscount"/>
</testsuite> <!-- com.TestCases.VerifySellerInventoryVolumeDiscount -->
