<?xml version="1.0" encoding="UTF-8"?>
<!-- Generated by org.testng.reporters.JUnitReportReporter -->
<testsuite skipped="0" hostname="DESKTOP-HCCC7LQ" name="com.TestCases.VerifyUsers" tests="1" failures="0" timestamp="10 May 2019 10:03:26 GMT" time="15.034" errors="0">
  <testcase name="adminAddShippingCompanyUser" time="15.034" classname="com.TestCases.VerifyUsers"/>
</testsuite> <!-- com.TestCases.VerifyUsers -->
