<?xml version="1.0" encoding="UTF-8"?>
<!-- Generated by org.testng.reporters.JUnitReportReporter -->
<testsuite skipped="0" hostname="DESKTOP-HCCC7LQ" name="com.TestCases.VerifyAdminAddNewDiscountCoupon" tests="1" failures="0" timestamp="27 Sep 2019 07:48:33 GMT" time="14.146" errors="0">
  <testcase name="adminAddNewDiscountCoupon" time="14.146" classname="com.TestCases.VerifyAdminAddNewDiscountCoupon"/>
</testsuite> <!-- com.TestCases.VerifyAdminAddNewDiscountCoupon -->
