<?xml version="1.0" encoding="UTF-8"?>
<!-- Generated by org.testng.reporters.JUnitReportReporter -->
<testsuite skipped="0" hostname="DESKTOP-HCCC7LQ" name="com.TestCases.VerifySellerAddNewProduct" tests="1" failures="0" timestamp="28 May 2019 05:54:28 GMT" time="17.295" errors="0">
  <testcase name="verifySellerAddNewProduct" time="17.295" classname="com.TestCases.VerifySellerAddNewProduct"/>
</testsuite> <!-- com.TestCases.VerifySellerAddNewProduct -->
