<?xml version="1.0" encoding="UTF-8"?>
<!-- Generated by org.testng.reporters.JUnitReportReporter -->
<testsuite skipped="0" hostname="DESKTOP-HCCC7LQ" name="com.TestCases.VerifySellerLoginWithParentChildExtentReporting" tests="2" failures="0" timestamp="03 Jun 2019 12:31:39 GMT" time="19.689" errors="0">
  <testcase name="verifyLogin" time="10.698" classname="com.TestCases.VerifySellerLoginWithParentChildExtentReporting"/>
  <testcase name="verifyLogin1" time="8.991" classname="com.TestCases.VerifySellerLoginWithParentChildExtentReporting"/>
</testsuite> <!-- com.TestCases.VerifySellerLoginWithParentChildExtentReporting -->
