<?xml version="1.0" encoding="UTF-8"?>
<!-- Generated by org.testng.reporters.JUnitReportReporter -->
<testsuite skipped="0" hostname="DESKTOP-HCCC7LQ" name="com.TestCases.verifyLogin" tests="1" failures="0" timestamp="22 Apr 2019 06:54:34 GMT" time="14.027" errors="0">
  <testcase name="buyerSignin" time="14.027" classname="com.TestCases.verifyLogin"/>
</testsuite> <!-- com.TestCases.verifyLogin -->
