<?xml version="1.0" encoding="UTF-8"?>
<!-- Generated by org.testng.reporters.JUnitReportReporter -->
<testsuite skipped="0" hostname="DESKTOP-HCCC7LQ" name="com.TestCases.VerifyUserCheckoutwithDiscountCoupon" tests="1" failures="0" timestamp="07 Oct 2019 12:41:36 GMT" time="13.960" errors="0">
  <testcase name="userCheckoutwithDiscountCoupon" time="13.960" classname="com.TestCases.VerifyUserCheckoutwithDiscountCoupon"/>
</testsuite> <!-- com.TestCases.VerifyUserCheckoutwithDiscountCoupon -->
