<?xml version="1.0" encoding="UTF-8"?>
<!-- Generated by org.testng.reporters.JUnitReportReporter -->
<testsuite skipped="0" hostname="DESKTOP-HCCC7LQ" name="com.TestCases.VerifyAdminLogin" tests="1" failures="0" timestamp="04 Sep 2019 11:09:42 GMT" time="18.197" errors="0">
  <testcase name="adminLogin" time="18.197" classname="com.TestCases.VerifyAdminLogin"/>
</testsuite> <!-- com.TestCases.VerifyAdminLogin -->
