<?xml version="1.0" encoding="UTF-8"?>
<!-- Generated by org.testng.reporters.JUnitReportReporter -->
<testsuite skipped="0" hostname="DESKTOP-HCCC7LQ" name="com.TestCases.VerifySellerLogin1" tests="1" failures="0" timestamp="01 Jul 2019 12:31:08 GMT" time="18.375" errors="0">
  <testcase name="verifyLogin" time="18.375" classname="com.TestCases.VerifySellerLogin1"/>
</testsuite> <!-- com.TestCases.VerifySellerLogin1 -->
