<?xml version="1.0" encoding="UTF-8"?>
<!-- Generated by org.testng.reporters.JUnitReportReporter -->
<testsuite skipped="0" hostname="DESKTOP-HCCC7LQ" name="com.TestCases.VerifyUserCreation" tests="1" failures="0" timestamp="19 Jun 2019 10:04:31 GMT" time="8.247" errors="0">
  <testcase name="userRegistration" time="8.247" classname="com.TestCases.VerifyUserCreation"/>
</testsuite> <!-- com.TestCases.VerifyUserCreation -->
