<?xml version="1.0" encoding="UTF-8"?>
<!-- Generated by org.testng.reporters.JUnitReportReporter -->
<testsuite skipped="0" hostname="DESKTOP-HCCC7LQ" name="com.TestCases.VerifySellerInventorySpeicalOfferPrice" tests="1" failures="0" timestamp="17 Jun 2019 10:09:23 GMT" time="32.728" errors="0">
  <testcase name="verifySellerAddSpecialOffer" time="32.728" classname="com.TestCases.VerifySellerInventorySpeicalOfferPrice"/>
</testsuite> <!-- com.TestCases.VerifySellerInventorySpeicalOfferPrice -->
