<?xml version="1.0" encoding="UTF-8"?>
<!-- Generated by org.testng.reporters.JUnitReportReporter -->
<testsuite skipped="0" hostname="DESKTOP-HCCC7LQ" name="com.TestCases.VerifyAdminGettingShippingDetailsforAddProduct" tests="1" failures="0" timestamp="17 Jun 2019 07:10:57 GMT" time="14.205" errors="0">
  <testcase name="adminGetShippingDetailsForAddProducts" time="14.205" classname="com.TestCases.VerifyAdminGettingShippingDetailsforAddProduct"/>
</testsuite> <!-- com.TestCases.VerifyAdminGettingShippingDetailsforAddProduct -->
