<?xml version="1.0" encoding="UTF-8"?>
<!-- Generated by org.testng.reporters.JUnitReportReporter -->
<testsuite skipped="0" hostname="DESKTOP-HCCC7LQ" name="com.TestCases.VerifyShopCreationbySeller" tests="1" failures="0" timestamp="25 Apr 2019 10:51:22 GMT" time="6.370" errors="0">
  <testcase name="sellerShopCreation" time="6.370" classname="com.TestCases.VerifyShopCreationbySeller"/>
</testsuite> <!-- com.TestCases.VerifyShopCreationbySeller -->
