<?xml version="1.0" encoding="UTF-8"?>
<!-- Generated by org.testng.reporters.JUnitReportReporter -->
<testsuite skipped="0" hostname="DESKTOP-HCCC7LQ" name="com.TestCases.VerifyLoginSellerJson" tests="1" failures="0" timestamp="24 Apr 2019 07:23:23 GMT" time="8.985" errors="0">
  <testcase name="verifySellerLogin" time="8.985" classname="com.TestCases.VerifyLoginSellerJson"/>
</testsuite> <!-- com.TestCases.VerifyLoginSellerJson -->
