<?xml version="1.0" encoding="UTF-8"?>
<!-- Generated by org.testng.reporters.JUnitReportReporter -->
<testsuite skipped="0" hostname="DESKTOP-HCCC7LQ" name="com.TestCases.VerifyAdminSettingsForSellerCreation" tests="1" failures="0" timestamp="23 Oct 2019 06:08:46 GMT" time="26.310" errors="0">
  <testcase name="adminSettingsforAddProduct" time="26.310" classname="com.TestCases.VerifyAdminSettingsForSellerCreation"/>
</testsuite> <!-- com.TestCases.VerifyAdminSettingsForSellerCreation -->
