<?xml version="1.0" encoding="UTF-8"?>
<!-- Generated by org.testng.reporters.JUnitReportReporter -->
<testsuite skipped="0" hostname="DESKTOP-HCCC7LQ" name="com.TestCases.VerifyAdminSellerApprovalFormMultipleCases" tests="1" failures="0" timestamp="20 May 2019 13:37:03 GMT" time="27.821" errors="0">
  <testcase name="sellerApprovalForm" time="27.821" classname="com.TestCases.VerifyAdminSellerApprovalFormMultipleCases"/>
</testsuite> <!-- com.TestCases.VerifyAdminSellerApprovalFormMultipleCases -->
