<?xml version="1.0" encoding="UTF-8"?>
<!-- Generated by org.testng.reporters.JUnitReportReporter -->
<testsuite skipped="0" hostname="DESKTOP-HCCC7LQ" name="com.TestCases.VerifyAdminSettingsforSubscription" tests="1" failures="0" timestamp="23 Oct 2019 06:08:46 GMT" time="24.566" errors="0">
  <testcase name="adminSettingsforSubscription" time="24.566" classname="com.TestCases.VerifyAdminSettingsforSubscription"/>
</testsuite> <!-- com.TestCases.VerifyAdminSettingsforSubscription -->
