<?xml version="1.0" encoding="UTF-8"?>
<!-- Generated by org.testng.reporters.JUnitReportReporter -->
<testsuite skipped="0" hostname="DESKTOP-HCCC7LQ" name="com.TestCases.VerifyAdminAddNewProduct" tests="1" failures="0" timestamp="28 May 2019 04:44:33 GMT" time="38.044" errors="0">
  <testcase name="adminAddNewProduct" time="38.044" classname="com.TestCases.VerifyAdminAddNewProduct"/>
</testsuite> <!-- com.TestCases.VerifyAdminAddNewProduct -->
