<?xml version="1.0" encoding="UTF-8"?>
<!-- Generated by org.testng.reporters.JUnitReportReporter -->
<testsuite skipped="0" hostname="DESKTOP-HCCC7LQ" name="com.TestCases.DeleteAdminFormFieldsInManageSellerApprovalForm" tests="1" failures="0" timestamp="04 Sep 2019 12:53:15 GMT" time="126.681" errors="0">
  <testcase name="deleteFormFieldsManageSellerApprovalForm" time="126.681" classname="com.TestCases.DeleteAdminFormFieldsInManageSellerApprovalForm"/>
</testsuite> <!-- com.TestCases.DeleteAdminFormFieldsInManageSellerApprovalForm -->
