<?xml version="1.0" encoding="UTF-8"?>
<!-- Generated by org.testng.reporters.JUnitReportReporter -->
<testsuite skipped="0" hostname="DESKTOP-HCCC7LQ" name="com.TestCases.getShippingDetailsforAddProduct" tests="1" failures="0" timestamp="20 May 2019 07:05:12 GMT" time="17.553" errors="0">
  <testcase name="adminAddDurationLabel" time="17.553" classname="com.TestCases.getShippingDetailsforAddProduct"/>
</testsuite> <!-- com.TestCases.getShippingDetailsforAddProduct -->
