<?xml version="1.0" encoding="UTF-8"?>
<!-- Generated by org.testng.reporters.JUnitReportReporter -->
<testsuite skipped="0" hostname="DESKTOP-HCCC7LQ" name="com.TestCases.VerifyLoginSeller" tests="1" failures="0" timestamp="25 Apr 2019 10:51:22 GMT" time="14.466" errors="0">
  <testcase name="verifyLogin" time="14.466" classname="com.TestCases.VerifyLoginSeller"/>
</testsuite> <!-- com.TestCases.VerifyLoginSeller -->
