<?xml version="1.0" encoding="UTF-8"?>
<!-- Generated by org.testng.reporters.JUnitReportReporter -->
<testsuite skipped="0" hostname="DESKTOP-HCCC7LQ" name="com.TestCases.DeleteFormFieldsManageSellerApprovalForm" tests="1" failures="0" timestamp="20 May 2019 12:31:26 GMT" time="65.444" errors="0">
  <testcase name="deleteFormFieldsManageSellerApprovalForm" time="65.444" classname="com.TestCases.DeleteFormFieldsManageSellerApprovalForm"/>
</testsuite> <!-- com.TestCases.DeleteFormFieldsManageSellerApprovalForm -->
