<?xml version="1.0" encoding="UTF-8"?>
<!-- Generated by org.testng.reporters.JUnitReportReporter -->
<testsuite skipped="0" hostname="DESKTOP-HCCC7LQ" name="com.TestCases.VerifyUserSearchforAddedProduct" tests="1" failures="0" timestamp="04 Jul 2019 12:22:11 GMT" time="43.057" errors="0">
  <testcase name="userSearchforAddedProduct" time="43.057" classname="com.TestCases.VerifyUserSearchforAddedProduct"/>
</testsuite> <!-- com.TestCases.VerifyUserSearchforAddedProduct -->
