<?xml version="1.0" encoding="UTF-8"?>
<!-- Generated by org.testng.reporters.JUnitReportReporter -->
<testsuite skipped="0" hostname="DESKTOP-HCCC7LQ" name="com.TestCases.VerifyAdminAddNewProductDigital" tests="1" failures="0" timestamp="28 May 2019 04:46:22 GMT" time="24.203" errors="0">
  <testcase name="adminAddNewProduct" time="24.203" classname="com.TestCases.VerifyAdminAddNewProductDigital"/>
</testsuite> <!-- com.TestCases.VerifyAdminAddNewProductDigital -->
