<?xml version="1.0" encoding="UTF-8"?>
<!-- Generated by org.testng.reporters.JUnitReportReporter -->
<testsuite skipped="0" hostname="DESKTOP-HCCC7LQ" name="com.TestCases.VerifySellerCreationJson" tests="1" failures="0" timestamp="24 Apr 2019 11:18:51 GMT" time="88.210" errors="0">
  <testcase name="sellerRegistration" time="88.210" classname="com.TestCases.VerifySellerCreationJson"/>
</testsuite> <!-- com.TestCases.VerifySellerCreationJson -->
