<?xml version="1.0" encoding="UTF-8"?>
<!-- Generated by org.testng.reporters.JUnitReportReporter -->
<testsuite skipped="0" hostname="DESKTOP-HCCC7LQ" name="com.TestCases.VerifyAdminLoginExtended" tests="1" failures="0" timestamp="03 May 2019 12:13:40 GMT" time="13.870" errors="0">
  <testcase name="adminLogin" time="13.870" classname="com.TestCases.VerifyAdminLoginExtended"/>
</testsuite> <!-- com.TestCases.VerifyAdminLoginExtended -->
