<?xml version="1.0" encoding="UTF-8"?>
<!-- Generated by org.testng.reporters.JUnitReportReporter -->
<testsuite skipped="0" hostname="DESKTOP-HCCC7LQ" name="com.TestCases.VerifyAdminAddNewProductforSeller" tests="1" failures="0" timestamp="28 May 2019 05:09:50 GMT" time="43.207" errors="0">
  <testcase name="adminAddNewProduct" time="43.207" classname="com.TestCases.VerifyAdminAddNewProductforSeller"/>
</testsuite> <!-- com.TestCases.VerifyAdminAddNewProductforSeller -->
