<?xml version="1.0" encoding="UTF-8"?>
<!-- Generated by org.testng.reporters.JUnitReportReporter -->
<testsuite skipped="0" hostname="DESKTOP-HCCC7LQ" name="com.TestCases.VerifySellerLoginWithParentChildExtentReporting1" tests="1" failures="0" timestamp="07 Jun 2019 08:21:00 GMT" time="14.658" errors="0">
  <testcase name="verifyLogin" time="14.658" classname="com.TestCases.VerifySellerLoginWithParentChildExtentReporting1"/>
</testsuite> <!-- com.TestCases.VerifySellerLoginWithParentChildExtentReporting1 -->
