<?xml version="1.0" encoding="UTF-8"?>
<!-- Generated by org.testng.reporters.JUnitReportReporter -->
<testsuite skipped="0" hostname="DESKTOP-HCCC7LQ" name="com.TestCases.VerifySellerLogin" tests="1" failures="0" timestamp="12 Sep 2019 08:27:17 GMT" time="22.900" errors="0">
  <testcase name="verifyLogin" time="22.900" classname="com.TestCases.VerifySellerLogin"/>
</testsuite> <!-- com.TestCases.VerifySellerLogin -->
