<?xml version="1.0" encoding="UTF-8"?>
<!-- Generated by org.testng.reporters.JUnitReportReporter -->
<testsuite skipped="0" hostname="DESKTOP-HCCC7LQ" name="com.TestCases.VerifyAdminAddDiscountCoupon" tests="1" failures="0" timestamp="07 Oct 2019 12:26:59 GMT" time="38.028" errors="0">
  <testcase name="adminAddNewDiscountCoupon" time="38.028" classname="com.TestCases.VerifyAdminAddDiscountCoupon"/>
</testsuite> <!-- com.TestCases.VerifyAdminAddDiscountCoupon -->
