<?xml version="1.0" encoding="UTF-8"?>
<!-- Generated by org.testng.reporters.JUnitReportReporter -->
<testsuite skipped="0" hostname="DESKTOP-HCCC7LQ" name="com.TestCases.VerifySellerShopCreation" tests="1" failures="0" timestamp="23 Oct 2019 06:08:46 GMT" time="65.573" errors="0">
  <testcase name="verifySellerShopCreation" time="65.573" classname="com.TestCases.VerifySellerShopCreation"/>
</testsuite> <!-- com.TestCases.VerifySellerShopCreation -->
